<?xml version="1.0" encoding="UTF-8"?>
<!-- Generated by org.testng.reporters.JUnitReportReporter -->
<testsuite hostname="lnar-PF123G6H" failures="0" tests="1" name="com.FrameworkTest.testCases.TC_LoginTest001" time="2.633" errors="0" timestamp="2022-07-03T11:50:21 EDT" skipped="0">
  <testcase classname="com.FrameworkTest.testCases.TC_LoginTest001" name="LoginTest" time="2.633"/>
  <system-out/>
</testsuite> <!-- com.FrameworkTest.testCases.TC_LoginTest001 -->
